-------------------------------------------------------------------------------
Test set: com.cinenova.entidades.PersonaTest
-------------------------------------------------------------------------------
Tests run: 15, Failures: 5, Errors: 0, Skipped: 0, Time elapsed: 5.112 s <<< FAILURE! -- in com.cinenova.entidades.PersonaTest
com.cinenova.entidades.PersonaTest.testGetContrasena -- Time elapsed: 0.003 s <<< FAILURE!
org.opentest4j.AssertionFailedError: La contraseña del cliente esperado no coincide con el obtenido ==> expected: <juan456> but was: <ana123>
	at org.junit.jupiter.api.AssertionFailureBuilder.build(AssertionFailureBuilder.java:151)
	at org.junit.jupiter.api.AssertionFailureBuilder.buildAndThrow(AssertionFailureBuilder.java:132)
	at org.junit.jupiter.api.AssertEquals.failNotEqual(AssertEquals.java:197)
	at org.junit.jupiter.api.AssertEquals.assertEquals(AssertEquals.java:182)
	at org.junit.jupiter.api.Assertions.assertEquals(Assertions.java:1156)
	at com.cinenova.entidades.PersonaTest.testGetContrasena(PersonaTest.java:130)
	at java.base/java.lang.reflect.Method.invoke(Method.java:580)
	at java.base/java.util.ArrayList.forEach(ArrayList.java:1596)
	at java.base/java.util.ArrayList.forEach(ArrayList.java:1596)

com.cinenova.entidades.PersonaTest.testGetCorreo -- Time elapsed: 0.004 s <<< FAILURE!
org.opentest4j.AssertionFailedError: El correo del cliente esperado no coincide con el obtenido ==> expected: <juan.garcia@gmail.com> but was: <ana.perez@gmail.com>
	at org.junit.jupiter.api.AssertionFailureBuilder.build(AssertionFailureBuilder.java:151)
	at org.junit.jupiter.api.AssertionFailureBuilder.buildAndThrow(AssertionFailureBuilder.java:132)
	at org.junit.jupiter.api.AssertEquals.failNotEqual(AssertEquals.java:197)
	at org.junit.jupiter.api.AssertEquals.assertEquals(AssertEquals.java:182)
	at org.junit.jupiter.api.Assertions.assertEquals(Assertions.java:1156)
	at com.cinenova.entidades.PersonaTest.testGetCorreo(PersonaTest.java:115)
	at java.base/java.lang.reflect.Method.invoke(Method.java:580)
	at java.base/java.util.ArrayList.forEach(ArrayList.java:1596)
	at java.base/java.util.ArrayList.forEach(ArrayList.java:1596)

com.cinenova.entidades.PersonaTest.testGetNombre -- Time elapsed: 0.002 s <<< FAILURE!
org.opentest4j.AssertionFailedError: El nombre del cliente esperado no coincide con el obtenido ==> expected: <Juan> but was: <Ana>
	at org.junit.jupiter.api.AssertionFailureBuilder.build(AssertionFailureBuilder.java:151)
	at org.junit.jupiter.api.AssertionFailureBuilder.buildAndThrow(AssertionFailureBuilder.java:132)
	at org.junit.jupiter.api.AssertEquals.failNotEqual(AssertEquals.java:197)
	at org.junit.jupiter.api.AssertEquals.assertEquals(AssertEquals.java:182)
	at org.junit.jupiter.api.Assertions.assertEquals(Assertions.java:1156)
	at com.cinenova.entidades.PersonaTest.testGetNombre(PersonaTest.java:85)
	at java.base/java.lang.reflect.Method.invoke(Method.java:580)
	at java.base/java.util.ArrayList.forEach(ArrayList.java:1596)
	at java.base/java.util.ArrayList.forEach(ArrayList.java:1596)

com.cinenova.entidades.PersonaTest.testGetApellidos -- Time elapsed: 0.003 s <<< FAILURE!
org.opentest4j.AssertionFailedError: Los apellidos del cliente esperado no coincide con el obtenido ==> expected: <García Ruiz> but was: <Pérez López>
	at org.junit.jupiter.api.AssertionFailureBuilder.build(AssertionFailureBuilder.java:151)
	at org.junit.jupiter.api.AssertionFailureBuilder.buildAndThrow(AssertionFailureBuilder.java:132)
	at org.junit.jupiter.api.AssertEquals.failNotEqual(AssertEquals.java:197)
	at org.junit.jupiter.api.AssertEquals.assertEquals(AssertEquals.java:182)
	at org.junit.jupiter.api.Assertions.assertEquals(Assertions.java:1156)
	at com.cinenova.entidades.PersonaTest.testGetApellidos(PersonaTest.java:100)
	at java.base/java.lang.reflect.Method.invoke(Method.java:580)
	at java.base/java.util.ArrayList.forEach(ArrayList.java:1596)
	at java.base/java.util.ArrayList.forEach(ArrayList.java:1596)

com.cinenova.entidades.PersonaTest.testRegistrarClienteÉxito -- Time elapsed: 0.072 s <<< FAILURE!
org.opentest4j.AssertionFailedError: El cliente no se ha registrado correctamente ==> expected: <true> but was: <false>
	at org.junit.jupiter.api.AssertionFailureBuilder.build(AssertionFailureBuilder.java:151)
	at org.junit.jupiter.api.AssertionFailureBuilder.buildAndThrow(AssertionFailureBuilder.java:132)
	at org.junit.jupiter.api.AssertEquals.failNotEqual(AssertEquals.java:197)
	at org.junit.jupiter.api.AssertEquals.assertEquals(AssertEquals.java:182)
	at org.junit.jupiter.api.Assertions.assertEquals(Assertions.java:1156)
	at com.cinenova.entidades.PersonaTest.testRegistrarClienteÉxito(PersonaTest.java:70)
	at java.base/java.lang.reflect.Method.invoke(Method.java:580)
	at java.base/java.util.ArrayList.forEach(ArrayList.java:1596)
	at java.base/java.util.ArrayList.forEach(ArrayList.java:1596)

